<?xml version="1.0" encoding="UTF-8"?>
<coverage generated="1745077687">
  <project timestamp="1745077687">
    <file name="/home/asplap2729/projects/gp/gp_router/src/Filter/Filter.php">
      <metrics loc="12" ncloc="12" classes="0" methods="0" coveredmethods="0" conditionals="0" coveredconditionals="0" statements="0" coveredstatements="0" elements="0" coveredelements="0"/>
    </file>
    <file name="/home/asplap2729/projects/gp/gp_router/src/Request/Request.php">
      <class name="Router\Request\Request" namespace="global">
        <metrics complexity="23" methods="13" coveredmethods="8" conditionals="0" coveredconditionals="0" statements="35" coveredstatements="30" elements="48" coveredelements="38"/>
      </class>
      <line num="22" type="method" name="__construct" visibility="public" complexity="1" crap="1" count="2"/>
      <line num="24" type="stmt" count="2"/>
      <line num="30" type="method" name="init" visibility="private" complexity="3" crap="3" count="2"/>
      <line num="32" type="stmt" count="2"/>
      <line num="33" type="stmt" count="2"/>
      <line num="34" type="stmt" count="2"/>
      <line num="35" type="stmt" count="2"/>
      <line num="36" type="stmt" count="2"/>
      <line num="37" type="stmt" count="2"/>
      <line num="38" type="stmt" count="2"/>
      <line num="39" type="stmt" count="2"/>
      <line num="40" type="stmt" count="2"/>
      <line num="43" type="method" name="getData" visibility="public" complexity="5" crap="5.12" count="2"/>
      <line num="45" type="stmt" count="2"/>
      <line num="46" type="stmt" count="0"/>
      <line num="49" type="stmt" count="2"/>
      <line num="50" type="stmt" count="2"/>
      <line num="53" type="stmt" count="1"/>
      <line num="55" type="stmt" count="1"/>
      <line num="66" type="method" name="post" visibility="public" complexity="1" crap="1" count="1"/>
      <line num="68" type="stmt" count="1"/>
      <line num="71" type="method" name="data" visibility="public" complexity="1" crap="2" count="0"/>
      <line num="73" type="stmt" count="0"/>
      <line num="76" type="method" name="escape" visibility="private" complexity="3" crap="3.04" count="2"/>
      <line num="78" type="stmt" count="2"/>
      <line num="79" type="stmt" count="2"/>
      <line num="80" type="stmt" count="2"/>
      <line num="81" type="stmt" count="0"/>
      <line num="83" type="stmt" count="2"/>
      <line num="87" type="stmt" count="2"/>
      <line num="90" type="method" name="setEscape" visibility="public" complexity="1" crap="2" count="0"/>
      <line num="92" type="stmt" count="0"/>
      <line num="103" type="method" name="get" visibility="public" complexity="1" crap="1" count="2"/>
      <line num="105" type="stmt" count="2"/>
      <line num="116" type="method" name="urlParam" visibility="public" complexity="2" crap="2" count="1"/>
      <line num="118" type="stmt" count="1"/>
      <line num="119" type="stmt" count="1"/>
      <line num="122" type="stmt" count="1"/>
      <line num="133" type="method" name="header" visibility="public" complexity="2" crap="2.15" count="1"/>
      <line num="135" type="stmt" count="1"/>
      <line num="136" type="stmt" count="1"/>
      <line num="139" type="stmt" count="0"/>
      <line num="150" type="method" name="session" visibility="public" complexity="1" crap="1" count="1"/>
      <line num="152" type="stmt" count="1"/>
      <line num="163" type="method" name="cookie" visibility="public" complexity="1" crap="1" count="1"/>
      <line num="165" type="stmt" count="1"/>
      <line num="176" type="method" name="server" visibility="public" complexity="1" crap="1" count="1"/>
      <line num="178" type="stmt" count="1"/>
      <metrics loc="181" ncloc="119" classes="1" methods="13" coveredmethods="8" conditionals="0" coveredconditionals="0" statements="35" coveredstatements="30" elements="48" coveredelements="38"/>
    </file>
    <file name="/home/asplap2729/projects/gp/gp_router/src/Response/Response.php">
      <class name="Router\Response\Response" namespace="global">
        <metrics complexity="9" methods="7" coveredmethods="4" conditionals="0" coveredconditionals="0" statements="14" coveredstatements="6" elements="21" coveredelements="10"/>
      </class>
      <line num="18" type="method" name="setStatusCode" visibility="public" complexity="1" crap="1" count="2"/>
      <line num="20" type="stmt" count="2"/>
      <line num="22" type="stmt" count="2"/>
      <line num="30" type="method" name="getStatusCode" visibility="public" complexity="1" crap="1" count="2"/>
      <line num="32" type="stmt" count="2"/>
      <line num="40" type="method" name="getBody" visibility="public" complexity="1" crap="1" count="1"/>
      <line num="42" type="stmt" count="1"/>
      <line num="50" type="method" name="getHeaders" visibility="public" complexity="1" crap="2" count="0"/>
      <line num="52" type="stmt" count="0"/>
      <line num="63" type="method" name="setHeader" visibility="public" complexity="1" crap="2" count="0"/>
      <line num="65" type="stmt" count="0"/>
      <line num="67" type="stmt" count="0"/>
      <line num="77" type="method" name="setBody" visibility="public" complexity="1" crap="1" count="1"/>
      <line num="79" type="stmt" count="1"/>
      <line num="81" type="stmt" count="1"/>
      <line num="89" type="method" name="send" visibility="public" complexity="3" crap="12" count="0"/>
      <line num="91" type="stmt" count="0"/>
      <line num="93" type="stmt" count="0"/>
      <line num="94" type="stmt" count="0"/>
      <line num="97" type="stmt" count="0"/>
      <line num="98" type="stmt" count="0"/>
      <metrics loc="102" ncloc="60" classes="1" methods="7" coveredmethods="4" conditionals="0" coveredconditionals="0" statements="14" coveredstatements="6" elements="21" coveredelements="10"/>
    </file>
    <file name="/home/asplap2729/projects/gp/gp_router/src/Route.php">
      <class name="Router\Route" namespace="global">
        <metrics complexity="43" methods="26" coveredmethods="15" conditionals="0" coveredconditionals="0" statements="79" coveredstatements="51" elements="105" coveredelements="66"/>
      </class>
      <line num="28" type="method" name="__construct" visibility="public" complexity="1" crap="1" count="4"/>
      <line num="30" type="stmt" count="4"/>
      <line num="31" type="stmt" count="4"/>
      <line num="32" type="stmt" count="4"/>
      <line num="33" type="stmt" count="4"/>
      <line num="34" type="stmt" count="4"/>
      <line num="42" type="method" name="getPath" visibility="public" complexity="1" crap="1" count="2"/>
      <line num="44" type="stmt" count="2"/>
      <line num="54" type="method" name="setPath" visibility="public" complexity="3" crap="3.10" count="4"/>
      <line num="56" type="stmt" count="4"/>
      <line num="57" type="stmt" count="4"/>
      <line num="58" type="stmt" count="1"/>
      <line num="61" type="stmt" count="3"/>
      <line num="63" type="stmt" count="3"/>
      <line num="64" type="stmt" count="0"/>
      <line num="65" type="stmt" count="0"/>
      <line num="67" type="stmt" count="3"/>
      <line num="69" type="stmt" count="3"/>
      <line num="77" type="method" name="getExpression" visibility="public" complexity="2" crap="6" count="0"/>
      <line num="79" type="stmt" count="0"/>
      <line num="80" type="stmt" count="0"/>
      <line num="83" type="stmt" count="0"/>
      <line num="93" type="method" name="setExpression" visibility="public" complexity="5" crap="5.16" count="4"/>
      <line num="95" type="stmt" count="4"/>
      <line num="97" type="stmt" count="4"/>
      <line num="98" type="stmt" count="4"/>
      <line num="99" type="stmt" count="4"/>
      <line num="100" type="stmt" count="2"/>
      <line num="101" type="stmt" count="2"/>
      <line num="103" type="stmt" count="2"/>
      <line num="105" type="stmt" count="2"/>
      <line num="106" type="stmt" count="2"/>
      <line num="107" type="stmt" count="2"/>
      <line num="109" type="stmt" count="2"/>
      <line num="110" type="stmt" count="0"/>
      <line num="111" type="stmt" count="0"/>
      <line num="113" type="stmt" count="2"/>
      <line num="114" type="stmt" count="0"/>
      <line num="117" type="stmt" count="2"/>
      <line num="120" type="method" name="setController" visibility="public" complexity="1" crap="2" count="0"/>
      <line num="123" type="stmt" count="0"/>
      <line num="131" type="method" name="getFilters" visibility="public" complexity="1" crap="1" count="1"/>
      <line num="133" type="stmt" count="1"/>
      <line num="143" type="method" name="setFilters" visibility="public" complexity="1" crap="1" count="4"/>
      <line num="145" type="stmt" count="4"/>
      <line num="147" type="stmt" count="4"/>
      <line num="155" type="method" name="getMethod" visibility="public" complexity="1" crap="2" count="0"/>
      <line num="157" type="stmt" count="0"/>
      <line num="167" type="method" name="setMethod" visibility="public" complexity="1" crap="1" count="4"/>
      <line num="169" type="stmt" count="4"/>
      <line num="171" type="stmt" count="4"/>
      <line num="179" type="method" name="getRequest" visibility="public" complexity="1" crap="1" count="1"/>
      <line num="181" type="stmt" count="1"/>
      <line num="191" type="method" name="setRequest" visibility="public" complexity="1" crap="1" count="1"/>
      <line num="193" type="stmt" count="1"/>
      <line num="195" type="stmt" count="1"/>
      <line num="203" type="method" name="getResponse" visibility="public" complexity="1" crap="1" count="1"/>
      <line num="205" type="stmt" count="1"/>
      <line num="215" type="method" name="setResponse" visibility="public" complexity="1" crap="1" count="1"/>
      <line num="217" type="stmt" count="1"/>
      <line num="219" type="stmt" count="1"/>
      <line num="229" type="method" name="addFilter" visibility="public" complexity="1" crap="1" count="1"/>
      <line num="231" type="stmt" count="1"/>
      <line num="239" type="method" name="getName" visibility="public" complexity="1" crap="1" count="3"/>
      <line num="241" type="stmt" count="3"/>
      <line num="251" type="method" name="setName" visibility="public" complexity="1" crap="1" count="4"/>
      <line num="253" type="stmt" count="4"/>
      <line num="255" type="stmt" count="4"/>
      <line num="263" type="method" name="getUrlParams" visibility="public" complexity="1" crap="1" count="1"/>
      <line num="265" type="stmt" count="1"/>
      <line num="275" type="method" name="setUrlParams" visibility="public" complexity="1" crap="2" count="0"/>
      <line num="277" type="stmt" count="0"/>
      <line num="279" type="stmt" count="0"/>
      <line num="289" type="method" name="setMatches" visibility="public" complexity="2" crap="2.50" count="1"/>
      <line num="291" type="stmt" count="1"/>
      <line num="292" type="stmt" count="0"/>
      <line num="301" type="method" name="getRegex" visibility="public" complexity="1" crap="1" count="2"/>
      <line num="303" type="stmt" count="2"/>
      <line num="311" type="method" name="handleFilters" visibility="public" complexity="8" crap="57.30" count="1"/>
      <line num="313" type="stmt" count="1"/>
      <line num="314" type="stmt" count="0"/>
      <line num="315" type="stmt" count="0"/>
      <line num="316" type="stmt" count="0"/>
      <line num="318" type="stmt" count="0"/>
      <line num="319" type="stmt" count="0"/>
      <line num="320" type="stmt" count="0"/>
      <line num="322" type="stmt" count="0"/>
      <line num="323" type="stmt" count="0"/>
      <line num="326" type="stmt" count="0"/>
      <line num="327" type="stmt" count="0"/>
      <line num="328" type="stmt" count="0"/>
      <line num="338" type="method" name="getController" visibility="public" complexity="3" crap="3.04" count="1"/>
      <line num="340" type="stmt" count="1"/>
      <line num="341" type="stmt" count="1"/>
      <line num="342" type="stmt" count="1"/>
      <line num="343" type="stmt" count="0"/>
      <line num="346" type="stmt" count="1"/>
      <line num="349" type="stmt" count="1"/>
      <line num="357" type="method" name="getAction" visibility="public" complexity="1" crap="1" count="1"/>
      <line num="359" type="stmt" count="1"/>
      <line num="362" type="method" name="getPrefix" visibility="public" complexity="1" crap="2" count="0"/>
      <line num="364" type="stmt" count="0"/>
      <line num="367" type="method" name="setPrefix" visibility="public" complexity="1" crap="2" count="0"/>
      <line num="369" type="stmt" count="0"/>
      <line num="371" type="stmt" count="0"/>
      <metrics loc="374" ncloc="243" classes="1" methods="26" coveredmethods="15" conditionals="0" coveredconditionals="0" statements="79" coveredstatements="51" elements="105" coveredelements="66"/>
    </file>
    <file name="/home/asplap2729/projects/gp/gp_router/src/Router.php">
      <class name="Router\Router" namespace="global">
        <metrics complexity="48" methods="21" coveredmethods="11" conditionals="0" coveredconditionals="0" statements="120" coveredstatements="85" elements="141" coveredelements="96"/>
      </class>
      <line num="52" type="method" name="add" visibility="public" complexity="1" crap="1" count="3"/>
      <line num="59" type="stmt" count="3"/>
      <line num="60" type="stmt" count="3"/>
      <line num="69" type="method" name="addRoute" visibility="public" complexity="1" crap="2" count="0"/>
      <line num="71" type="stmt" count="0"/>
      <line num="72" type="stmt" count="0"/>
      <line num="74" type="stmt" count="0"/>
      <line num="83" type="method" name="addRoutes" visibility="public" complexity="2" crap="6" count="0"/>
      <line num="85" type="stmt" count="0"/>
      <line num="86" type="stmt" count="0"/>
      <line num="99" type="method" name="getURL" visibility="public" complexity="3" crap="3" count="2"/>
      <line num="104" type="stmt" count="2"/>
      <line num="105" type="stmt" count="2"/>
      <line num="106" type="stmt" count="1"/>
      <line num="108" type="stmt" count="1"/>
      <line num="109" type="stmt" count="1"/>
      <line num="110" type="stmt" count="1"/>
      <line num="113" type="stmt" count="1"/>
      <line num="123" type="method" name="setOnError" visibility="public" complexity="1" crap="1" count="1"/>
      <line num="125" type="stmt" count="1"/>
      <line num="128" type="method" name="setUpModelClass" visibility="public" complexity="1" crap="1" count="1"/>
      <line num="130" type="stmt" count="1"/>
      <line num="142" type="method" name="run" visibility="public" complexity="2" crap="2" count="2"/>
      <line num="144" type="stmt" count="2"/>
      <line num="145" type="stmt" count="2"/>
      <line num="146" type="stmt" count="2"/>
      <line num="148" type="stmt" count="2"/>
      <line num="149" type="stmt" count="2"/>
      <line num="150" type="stmt" count="2"/>
      <line num="152" type="stmt" count="2"/>
      <line num="203" type="method" name="handleRequest" visibility="public" complexity="4" crap="4" count="2"/>
      <line num="208" type="stmt" count="2"/>
      <line num="209" type="stmt" count="2"/>
      <line num="210" type="stmt" count="2"/>
      <line num="211" type="stmt" count="2"/>
      <line num="213" type="stmt" count="2"/>
      <line num="214" type="stmt" count="1"/>
      <line num="216" type="stmt" count="1"/>
      <line num="220" type="stmt" count="1"/>
      <line num="230" type="method" name="error" visibility="public" complexity="3" crap="3.24" count="1"/>
      <line num="232" type="stmt" count="1"/>
      <line num="234" type="stmt" count="1"/>
      <line num="235" type="stmt" count="0"/>
      <line num="237" type="stmt" count="0"/>
      <line num="240" type="stmt" count="1"/>
      <line num="241" type="stmt" count="0"/>
      <line num="244" type="stmt" count="1"/>
      <line num="245" type="stmt" count="1"/>
      <line num="246" type="stmt" count="1"/>
      <line num="248" type="stmt" count="1"/>
      <line num="262" type="method" name="innerAdd" visibility="private" complexity="2" crap="2" count="3"/>
      <line num="264" type="stmt" count="3"/>
      <line num="265" type="stmt" count="3"/>
      <line num="266" type="stmt" count="3"/>
      <line num="267" type="stmt" count="3"/>
      <line num="270" type="stmt" count="3"/>
      <line num="284" type="method" name="frameRoute" visibility="public" complexity="1" crap="1" count="3"/>
      <line num="286" type="stmt" count="3"/>
      <line num="287" type="stmt" count="3"/>
      <line num="288" type="stmt" count="3"/>
      <line num="289" type="stmt" count="3"/>
      <line num="291" type="stmt" count="3"/>
      <line num="301" type="method" name="getRequest" visibility="private" complexity="1" crap="1" count="1"/>
      <line num="303" type="stmt" count="1"/>
      <line num="311" type="method" name="getResponse" visibility="private" complexity="1" crap="1" count="1"/>
      <line num="313" type="stmt" count="1"/>
      <line num="324" type="method" name="setUpRoute" visibility="private" complexity="9" crap="13.76" count="1"/>
      <line num="326" type="stmt" count="1"/>
      <line num="327" type="stmt" count="1"/>
      <line num="329" type="stmt" count="1"/>
      <line num="330" type="stmt" count="1"/>
      <line num="331" type="stmt" count="0"/>
      <line num="332" type="stmt" count="1"/>
      <line num="333" type="stmt" count="0"/>
      <line num="334" type="stmt" count="1"/>
      <line num="335" type="stmt" count="0"/>
      <line num="336" type="stmt" count="0"/>
      <line num="337" type="stmt" count="0"/>
      <line num="338" type="stmt" count="0"/>
      <line num="342" type="stmt" count="1"/>
      <line num="343" type="stmt" count="0"/>
      <line num="348" type="stmt" count="1"/>
      <line num="349" type="stmt" count="1"/>
      <line num="351" type="stmt" count="1"/>
      <line num="353" type="stmt" count="1"/>
      <line num="363" type="method" name="getAllParms" visibility="private" complexity="1" crap="1" count="1"/>
      <line num="365" type="stmt" count="1"/>
      <line num="366" type="stmt" count="1"/>
      <line num="367" type="stmt" count="1"/>
      <line num="369" type="stmt" count="1"/>
      <line num="370" type="stmt" count="1"/>
      <line num="372" type="stmt" count="1"/>
      <line num="375" type="method" name="getPrefixWithCtr" visibility="private" complexity="2" crap="6" count="0"/>
      <line num="377" type="stmt" count="0"/>
      <line num="378" type="stmt" count="0"/>
      <line num="384" type="stmt" count="0"/>
      <line num="395" type="method" name="runRoute" visibility="private" complexity="6" crap="9.24" count="1"/>
      <line num="397" type="stmt" count="1"/>
      <line num="398" type="stmt" count="1"/>
      <line num="400" type="stmt" count="1"/>
      <line num="401" type="stmt" count="0"/>
      <line num="402" type="stmt" count="0"/>
      <line num="403" type="stmt" count="0"/>
      <line num="404" type="stmt" count="0"/>
      <line num="405" type="stmt" count="0"/>
      <line num="406" type="stmt" count="0"/>
      <line num="408" type="stmt" count="0"/>
      <line num="411" type="stmt" count="1"/>
      <line num="412" type="stmt" count="1"/>
      <line num="413" type="stmt" count="0"/>
      <line num="414" type="stmt" count="0"/>
      <line num="415" type="stmt" count="0"/>
      <line num="416" type="stmt" count="0"/>
      <line num="418" type="stmt" count="0"/>
      <line num="422" type="stmt" count="1"/>
      <line num="423" type="stmt" count="1"/>
      <line num="424" type="stmt" count="1"/>
      <line num="426" type="stmt" count="1"/>
      <line num="427" type="stmt" count="1"/>
      <line num="428" type="stmt" count="1"/>
      <line num="429" type="stmt" count="1"/>
      <line num="430" type="stmt" count="1"/>
      <line num="431" type="stmt" count="0"/>
      <line num="433" type="stmt" count="1"/>
      <line num="434" type="stmt" count="1"/>
      <line num="436" type="stmt" count="1"/>
      <line num="439" type="method" name="setPrefix" visibility="public" complexity="1" crap="2" count="0"/>
      <line num="441" type="stmt" count="0"/>
      <line num="444" type="method" name="getPrefix" visibility="public" complexity="1" crap="2" count="0"/>
      <line num="446" type="stmt" count="0"/>
      <line num="457" type="method" name="handleControllerResult" visibility="public" complexity="2" crap="2.15" count="1"/>
      <line num="459" type="stmt" count="1"/>
      <line num="460" type="stmt" count="1"/>
      <line num="463" type="stmt" count="0"/>
      <line num="473" type="method" name="getParamsForRoute" visibility="public" complexity="3" crap="3.04" count="1"/>
      <line num="475" type="stmt" count="1"/>
      <line num="476" type="stmt" count="1"/>
      <line num="477" type="stmt" count="0"/>
      <line num="480" type="stmt" count="1"/>
      <line num="481" type="stmt" count="1"/>
      <line num="484" type="stmt" count="1"/>
      <metrics loc="487" ncloc="302" classes="1" methods="21" coveredmethods="11" conditionals="0" coveredconditionals="0" statements="120" coveredstatements="85" elements="141" coveredelements="96"/>
    </file>
    <metrics files="5" loc="1156" ncloc="736" classes="4" methods="67" coveredmethods="38" conditionals="0" coveredconditionals="0" statements="248" coveredstatements="172" elements="315" coveredelements="210"/>
  </project>
</coverage>
